RecordKey   Fecha   ErrNum  ErrMsj  TipoDocumento
-3345  28052012  -10   En los campos "Hasta almacén" introduzca valores válidos  [Zpráva 0-0]   CON0339/12
-3339  28052012  -5009   Falta artículo núm.   CON0333/12
-3332  28052012  -2028   No existen registros coincidentes ODBC -2028   CON0327/12
-3328  28052012  -2028   No existen registros coincidentes ODBC -2028   CON0323/12
-3312  28052012  -2028   No existen registros coincidentes ODBC -2028   CON0308/12
-3257  28052012  -2028   No existen registros coincidentes ODBC -2028   CON0255/12
-3219  28052012  -5009   Falta artículo núm.   CON0217/12
-3175  28052012  -2028   No existen registros coincidentes ODBC -2028   CON0175/12
-3126  28052012  -5009   Falta artículo núm.   CON0127/12
-3098  28052012  -2028   No existen registros coincidentes ODBC -2028   CON0100/12
-3035  28052012  -10   En los campos "Hasta almacén" introduzca valores válidos  [Zpráva 0-0]   CON0044/12
-3033  28052012  -2028   No existen registros coincidentes ODBC -2028   CON0042/12
-2923  28052012  -2028   No existen registros coincidentes ODBC -2028   CON0660/11
-2914  28052012  -2028   No existen registros coincidentes ODBC -2028   CON0652/11
-2899  28052012  -2028   No existen registros coincidentes ODBC -2028   CON0638/11
-2875  28052012  -2028   No existen registros coincidentes ODBC -2028   CON0614/11
-2529  28052012  -2028   No existen registros coincidentes ODBC -2028   CON0275/11
-2506  28052012  -2028   No existen registros coincidentes ODBC -2028   CON0252/11
-2332  28052012  -10   En los campos "Hasta almacén" introduzca valores válidos  [Zpráva 0-0]   CON0084/11
29  28052012  -2028   No existen registros coincidentes ODBC -2028   OP264/10
31  28052012  -2028   No existen registros coincidentes ODBC -2028   OP266/10
51  28052012  -2028   No existen registros coincidentes ODBC -2028   OP286/10
68  28052012  -2028   No existen registros coincidentes ODBC -2028   OP302/10
71  28052012  -2028   No existen registros coincidentes ODBC -2028   OP305/10
74  28052012  -2028   No existen registros coincidentes ODBC -2028   OP308/10
77  28052012  -2028   No existen registros coincidentes ODBC -2028   OP311/10
78  28052012  -2028   No existen registros coincidentes ODBC -2028   OP312/10
79  28052012  -2028   No existen registros coincidentes ODBC -2028   OP313/10
124  28052012  -2028   No existen registros coincidentes ODBC -2028   OP347/10
125  28052012  -2028   No existen registros coincidentes ODBC -2028   OP348/10
126  28052012  -2028   No existen registros coincidentes ODBC -2028   OP349/10
161  28052012  -2028   No existen registros coincidentes ODBC -2028   OP379/10
199  28052012  -2028   No existen registros coincidentes ODBC -2028   OP415/10
205  28052012  -2028   No existen registros coincidentes ODBC -2028   OP421/10
207  28052012  -2028   No existen registros coincidentes ODBC -2028   OP423/10
236  28052012  -2028   No existen registros coincidentes ODBC -2028   OP448/10
249  28052012  -2028   No existen registros coincidentes ODBC -2028   OP461/10
255  28052012  -2028   No existen registros coincidentes ODBC -2028   OP467/10
267  28052012  -2028   No existen registros coincidentes ODBC -2028   OP479/10
289  28052012  -2028   No existen registros coincidentes ODBC -2028   OP501/10
291  28052012  -2028   No existen registros coincidentes ODBC -2028   OP503/10
295  28052012  -2028   No existen registros coincidentes ODBC -2028   OP507/10
299  28052012  -2028   No existen registros coincidentes ODBC -2028   OP510/10
301  28052012  -2028   No existen registros coincidentes ODBC -2028   OP512/10
304  28052012  -2028   No existen registros coincidentes ODBC -2028   OP515/10
319  28052012  -2028   No existen registros coincidentes ODBC -2028   OP530/10
320  28052012  -2028   No existen registros coincidentes ODBC -2028   OP531/10
321  28052012  -2028   No existen registros coincidentes ODBC -2028   OP532/10
324  28052012  -2028   No existen registros coincidentes ODBC -2028   OP535/10
345  28052012  -2028   No existen registros coincidentes ODBC -2028   OP555/10
364  28052012  -2028   No existen registros coincidentes ODBC -2028   OP566/10
365  28052012  -2028   No existen registros coincidentes ODBC -2028   OP567/10
381  28052012  -2028   No existen registros coincidentes ODBC -2028   OP583/10
387  28052012  -2028   No existen registros coincidentes ODBC -2028   OP589/10
415  28052012  -2028   No existen registros coincidentes ODBC -2028   OP025/11
422  28052012  -2028   No existen registros coincidentes ODBC -2028   OP032/11
473  28052012  -2028   No existen registros coincidentes ODBC -2028   OP081/11
478  28052012  -2028   No existen registros coincidentes ODBC -2028   OP086/11
484  28052012  -2028   No existen registros coincidentes ODBC -2028   OP092/11
518  28052012  -2028   No existen registros coincidentes ODBC -2028   OP126/11
545  28052012  -2028   No existen registros coincidentes ODBC -2028   OP153/11
588  28052012  -2028   No existen registros coincidentes ODBC -2028   OP196/11
599  28052012  -2028   No existen registros coincidentes ODBC -2028   OP205/11
618  28052012  -2028   No existen registros coincidentes ODBC -2028   OP224/11
631  28052012  -2028   No existen registros coincidentes ODBC -2028   OP237/11
639  28052012  -2028   No existen registros coincidentes ODBC -2028   OP244/11
687  28052012  -2028   No existen registros coincidentes ODBC -2028   OP291/11
694  28052012  -2028   No existen registros coincidentes ODBC -2028   OP298/11
695  28052012  -2028   No existen registros coincidentes ODBC -2028   OP299/11
709  28052012  -2028   No existen registros coincidentes ODBC -2028   OP312/11
710  28052012  -2028   No existen registros coincidentes ODBC -2028   OP313/11
712  28052012  -2028   No existen registros coincidentes ODBC -2028   OP315/11
719  28052012  -2028   No existen registros coincidentes ODBC -2028   OP322/11
723  28052012  -2028   No existen registros coincidentes ODBC -2028   OP326/11
738  28052012  -2028   No existen registros coincidentes ODBC -2028   OP341/11
740  28052012  -2028   No existen registros coincidentes ODBC -2028   OP343/11
762  28052012  -2028   No existen registros coincidentes ODBC -2028   OP365/11
763  28052012  -2028   No existen registros coincidentes ODBC -2028   OP366/11
777  28052012  -2028   No existen registros coincidentes ODBC -2028   OP380/11
787  28052012  -2028   No existen registros coincidentes ODBC -2028   OP390/11
788  28052012  -2028   No existen registros coincidentes ODBC -2028   OP391/11
789  28052012  -2028   No existen registros coincidentes ODBC -2028   OP392/11
790  28052012  -2028   No existen registros coincidentes ODBC -2028   OP393/11
791  28052012  -2028   No existen registros coincidentes ODBC -2028   OP394/11
792  28052012  -2028   No existen registros coincidentes ODBC -2028   OP395/11
793  28052012  -2028   No existen registros coincidentes ODBC -2028   OP396/11
794  28052012  -2028   No existen registros coincidentes ODBC -2028   OP397/11
798  28052012  -2028   No existen registros coincidentes ODBC -2028   OP401/11
803  28052012  -2028   No existen registros coincidentes ODBC -2028   OP406/11
807  28052012  -2028   No existen registros coincidentes ODBC -2028   OP410/11
808  28052012  -2028   No existen registros coincidentes ODBC -2028   OP411/11
837  28052012  -2028   No existen registros coincidentes ODBC -2028   OP440/11
844  28052012  -2028   No existen registros coincidentes ODBC -2028   OP447/11
845  28052012  -2028   No existen registros coincidentes ODBC -2028   OP448/11
879  28052012  -2028   No existen registros coincidentes ODBC -2028   OP481/11
882  28052012  -2028   No existen registros coincidentes ODBC -2028   OP484/11
885  28052012  -2028   No existen registros coincidentes ODBC -2028   OP487/11
888  28052012  -2028   No existen registros coincidentes ODBC -2028   OP490/11
909  28052012  -2028   No existen registros coincidentes ODBC -2028   OP510/11
912  28052012  -2028   No existen registros coincidentes ODBC -2028   OP513/11
913  28052012  -2028   No existen registros coincidentes ODBC -2028   OP514/11
929  28052012  -2028   No existen registros coincidentes ODBC -2028   OP530/11
992  28052012  -2028   No existen registros coincidentes ODBC -2028   OP592/11
1003  28052012  -2028   No existen registros coincidentes ODBC -2028   OP603/11
1019  28052012  -2028   No existen registros coincidentes ODBC -2028   OP615/11
1042  28052012  -2028   No existen registros coincidentes ODBC -2028   OP638/11
1065  28052012  -2028   No existen registros coincidentes ODBC -2028   OP661/11
1071  28052012  -2028   No existen registros coincidentes ODBC -2028   OP667/11
1072  28052012  -2028   No existen registros coincidentes ODBC -2028   OP668/11
1075  28052012  -2028   No existen registros coincidentes ODBC -2028   OP671/11
1076  28052012  -2028   No existen registros coincidentes ODBC -2028   OP672/11
1080  28052012  -2028   No existen registros coincidentes ODBC -2028   OP676/11
1141  28052012  -2028   No existen registros coincidentes ODBC -2028   OP736/11
1175  28052012  -2028   No existen registros coincidentes ODBC -2028   OP770/11
1177  28052012  -2028   No existen registros coincidentes ODBC -2028   OP772/11
1185  28052012  -2028   No existen registros coincidentes ODBC -2028   OP780/11
1200  28052012  -2028   No existen registros coincidentes ODBC -2028   OP793/11
1211  28052012  -2028   No existen registros coincidentes ODBC -2028   OP804/11
1223  28052012  -2028   No existen registros coincidentes ODBC -2028   OP816/11
1240  28052012  -2028   No existen registros coincidentes ODBC -2028   OP833/11
1254  28052012  -2028   No existen registros coincidentes ODBC -2028   OP847/11
1261  28052012  -2028   No existen registros coincidentes ODBC -2028   OP854/11
1306  28052012  -2028   No existen registros coincidentes ODBC -2028   OP899/11
1312  28052012  -2028   No existen registros coincidentes ODBC -2028   OP905/11
1349  28052012  -2028   No existen registros coincidentes ODBC -2028   OP941/11
1357  28052012  -2028   No existen registros coincidentes ODBC -2028   OP949/11
1388  28052012  -2028   No existen registros coincidentes ODBC -2028   OP978/11
1419  28052012  -2028   No existen registros coincidentes ODBC -2028   OP1008/11
1420  28052012  -2028   No existen registros coincidentes ODBC -2028   OP1009/11
1423  28052012  -2028   No existen registros coincidentes ODBC -2028   OP1012/11
1424  28052012  -2028   No existen registros coincidentes ODBC -2028   OP1013/11
1425  28052012  -2028   No existen registros coincidentes ODBC -2028   OP1014/11
1426  28052012  -2028   No existen registros coincidentes ODBC -2028   OP1015/11
1427  28052012  -2028   No existen registros coincidentes ODBC -2028   OP1016/11
1428  28052012  -2028   No existen registros coincidentes ODBC -2028   OP1017/11
1430  28052012  -2028   No existen registros coincidentes ODBC -2028   OP001/12
1480  28052012  -2028   No existen registros coincidentes ODBC -2028   OP050/12
1497  28052012  -2028   No existen registros coincidentes ODBC -2028   OP067/12
1499  28052012  -2028   No existen registros coincidentes ODBC -2028   OP069/12
1500  28052012  -2028   No existen registros coincidentes ODBC -2028   OP070/12
1501  28052012  -2028   No existen registros coincidentes ODBC -2028   OP071/12
1504  28052012  -2028   No existen registros coincidentes ODBC -2028   OP074/12
1505  28052012  -2028   No existen registros coincidentes ODBC -2028   OP075/12
1508  28052012  -2028   No existen registros coincidentes ODBC -2028   OP078/12
1509  28052012  -2028   No existen registros coincidentes ODBC -2028   OP079/12
1519  28052012  -2028   No existen registros coincidentes ODBC -2028   OP089/12
1527  28052012  -2028   No existen registros coincidentes ODBC -2028   OP097/12
1532  28052012  -2028   No existen registros coincidentes ODBC -2028   OP102/12
1533  28052012  -2028   No existen registros coincidentes ODBC -2028   OP103/12
1534  28052012  -2028   No existen registros coincidentes ODBC -2028   OP104/12
1535  28052012  -2028   No existen registros coincidentes ODBC -2028   OP105/12
1540  28052012  -2028   No existen registros coincidentes ODBC -2028   OP110/12
1552  28052012  -2028   No existen registros coincidentes ODBC -2028   OP122/12
1558  28052012  -2028   No existen registros coincidentes ODBC -2028   OP1019/11
1562  28052012  -2028   No existen registros coincidentes ODBC -2028   OP130/12
1567  28052012  -2028   No existen registros coincidentes ODBC -2028   OP135/12
1571  28052012  -2028   No existen registros coincidentes ODBC -2028   OP139/12
1572  28052012  -2028   No existen registros coincidentes ODBC -2028   OP140/12
1573  28052012  -2028   No existen registros coincidentes ODBC -2028   OP141/12
1576  28052012  -2028   No existen registros coincidentes ODBC -2028   OP144/12
1577  28052012  -2028   No existen registros coincidentes ODBC -2028   OP145/12
1578  28052012  -2028   No existen registros coincidentes ODBC -2028   OP146/12
1609  28052012  -2028   No existen registros coincidentes ODBC -2028   OP177/12
1631  28052012  -2028   No existen registros coincidentes ODBC -2028   OP199/12
1650  28052012  -2028   No existen registros coincidentes ODBC -2028   OP217/12
1651  28052012  -2028   No existen registros coincidentes ODBC -2028   OP218/12
1655  28052012  -2028   No existen registros coincidentes ODBC -2028   OP222/12
1660  28052012  -2028   No existen registros coincidentes ODBC -2028   OP227/12
1673  28052012  -2028   No existen registros coincidentes ODBC -2028   OP240/12
1683  28052012  -2028   No existen registros coincidentes ODBC -2028   OP250/12
1712  28052012  -2028   No existen registros coincidentes ODBC -2028   OP278/12
1715  28052012  -2028   No existen registros coincidentes ODBC -2028   OP281/12
1731  28052012  -2028   No existen registros coincidentes ODBC -2028   OP297/12
1733  28052012  -2028   No existen registros coincidentes ODBC -2028   OP299/12
1741  28052012  -2028   No existen registros coincidentes ODBC -2028   OP307/12
1758  28052012  -2028   No existen registros coincidentes ODBC -2028   OP322/12
1760  28052012  -2028   No existen registros coincidentes ODBC -2028   OP323/12
1764  28052012  -2028   No existen registros coincidentes ODBC -2028   OP327/12
1783  28052012  -2028   No existen registros coincidentes ODBC -2028   OP346/12
1784  28052012  -2028   No existen registros coincidentes ODBC -2028   OP347/12
1845  28052012  -2028   No existen registros coincidentes ODBC -2028   OP403/12
1916  28052012  -2028   No existen registros coincidentes ODBC -2028   OP472/12
1939  28052012  -2028   No existen registros coincidentes ODBC -2028   OP495/12
1940  28052012  -2028   No existen registros coincidentes ODBC -2028   OP496/12
1972  28052012  -2028   No existen registros coincidentes ODBC -2028   OP527/12
1973  28052012  -2028   No existen registros coincidentes ODBC -2028   OP528/12
1975  28052012  -2028   No existen registros coincidentes ODBC -2028   OP530/12
1976  28052012  -2028   No existen registros coincidentes ODBC -2028   OP531/12
2008  28052012  -2028   No existen registros coincidentes ODBC -2028   OP562/12
2024  28052012  -2028   No existen registros coincidentes ODBC -2028   OP578/12
2045  28052012  -2028   No existen registros coincidentes ODBC -2028   OP599/12
2094  28052012  -2028   No existen registros coincidentes ODBC -2028   OP647/12
2117  28052012  -2028   No existen registros coincidentes ODBC -2028   OP670/12
2126  28052012  -2028   No existen registros coincidentes ODBC -2028   OP679/12
2127  28052012  -2028   No existen registros coincidentes ODBC -2028   OP680/12
2174  28052012  -2028   No existen registros coincidentes ODBC -2028   OP726/12
2177  28052012  -2028   No existen registros coincidentes ODBC -2028   OP729/12
2251  28052012  -2028   No existen registros coincidentes ODBC -2028   OP802/12
