RecordKey   Fecha   ErrNum  ErrMsj  TipoDocumento
-3345  28052012  -10   En los campos "Hasta almacén" introduzca valores válidos  [Zpráva 0-0]   CON0339/12
-3344  28052012  0   Sin Error   CON0338/12
-3343  28052012  0   Sin Error   CON0337/12
-3342  28052012  0   Sin Error   CON0336/12
-3341  28052012  0   Sin Error   CON0335/12
-3340  28052012  0   Sin Error   CON0334/12
-3339  28052012  -5009   Falta artículo núm.   CON0333/12
-3338  28052012  0   Sin Error   CON0332/12
-3336  28052012  0   Sin Error   CON0331/12
-3335  28052012  0   Sin Error   CON0330/12
-3334  28052012  0   Sin Error   CON0329/12
-3333  28052012  0   Sin Error   CON0328/12
-3332  28052012  -2028   No existen registros coincidentes ODBC -2028   CON0327/12
-3331  28052012  0   Sin Error   CON0326/12
-3330  28052012  0   Sin Error   CON0325/12
-3329  28052012  0   Sin Error   CON0324/12
-3328  28052012  -2028   No existen registros coincidentes ODBC -2028   CON0323/12
-3327  28052012  0   Sin Error   CON0322/12
-3326  28052012  0   Sin Error   CON0321/12
-3325  28052012  0   Sin Error   CON0320/12
-3323  28052012  0   Sin Error   CON0319/12
-3322  28052012  0   Sin Error   CON0318/12
-3321  28052012  0   Sin Error   CON0317/12
-3320  28052012  0   Sin Error   CON0316/12
-3319  28052012  0   Sin Error   CON0315/12
-3318  28052012  0   Sin Error   CON0314/12
-3317  28052012  0   Sin Error   CON0313/12
-3316  28052012  0   Sin Error   CON0312/12
-3315  28052012  0   Sin Error   CON0311/12
-3314  28052012  0   Sin Error   CON0310/12
-3313  28052012  0   Sin Error   CON0309/12
-3312  28052012  -2028   No existen registros coincidentes ODBC -2028   CON0308/12
-3311  28052012  0   Sin Error   CON0307/12
-3310  28052012  0   Sin Error   CON0306/12
-3309  28052012  0   Sin Error   CON0305/12
-3308  28052012  0   Sin Error   CON0304/12
-3307  28052012  0   Sin Error   CON0303/12
-3306  28052012  0   Sin Error   CON0302/12
-3305  28052012  0   Sin Error   CON0301/12
-3304  28052012  0   Sin Error   CON0300/12
-3303  28052012  0   Sin Error   CON0299/12
-3302  28052012  0   Sin Error   CON0298/12
-3301  28052012  0   Sin Error   CON0297/12
-3300  28052012  0   Sin Error   CON0296/12
-3299  28052012  0   Sin Error   CON0295/12
-3298  28052012  0   Sin Error   CON0294/12
-3297  28052012  0   Sin Error   CON0293/12
-3295  28052012  0   Sin Error   CON0291/12
-3294  28052012  0   Sin Error   CON0290/12
-3293  28052012  0   Sin Error   CON0289/12
-3292  28052012  0   Sin Error   CON0288/12
-3291  28052012  0   Sin Error   CON0287/12
-3290  28052012  0   Sin Error   CON0286/12
-3289  28052012  0   Sin Error   CON0285/12
-3288  28052012  0   Sin Error   CON0284/12
-3287  28052012  0   Sin Error   CON0283/12
-3284  28052012  0   Sin Error   CON0281/12
-3283  28052012  0   Sin Error   CON0280/12
-3282  28052012  0   Sin Error   CON0279/12
-3281  28052012  0   Sin Error   CON0278/12
-3280  28052012  0   Sin Error   CON0277/12
-3279  28052012  0   Sin Error   CON0276/12
-3278  28052012  0   Sin Error   CON0275/12
-3277  28052012  0   Sin Error   CON0274/12
-3276  28052012  0   Sin Error   CON0273/12
-3275  28052012  0   Sin Error   CON0272/12
-3274  28052012  0   Sin Error   CON0271/12
-3273  28052012  0   Sin Error   CON0270/12
-3272  28052012  0   Sin Error   CON0269/12
-3271  28052012  0   Sin Error   CON0268/12
-3270  28052012  0   Sin Error   CON0267/12
-3269  28052012  0   Sin Error   CON0266/12
-3268  28052012  0   Sin Error   CON0265/12
-3267  28052012  0   Sin Error   CON0264/12
-3266  28052012  0   Sin Error   CON0263/12
-3265  28052012  0   Sin Error   CON0262/12
-3264  28052012  0   Sin Error   CON0261/12
-3262  28052012  0   Sin Error   CON0260/12
-3261  28052012  0   Sin Error   CON0259/12
-3259  28052012  0   Sin Error   CON0257/12
-3258  28052012  0   Sin Error   CON0256/12
-3257  28052012  -2028   No existen registros coincidentes ODBC -2028   CON0255/12
-3255  28052012  0   Sin Error   CON0253/12
-3254  28052012  0   Sin Error   CON0252/12
-3253  28052012  0   Sin Error   CON0251/12
-3252  28052012  0   Sin Error   CON0250/12
-3251  28052012  0   Sin Error   CON0249/12
-3250  28052012  0   Sin Error   CON0248/12
-3249  28052012  0   Sin Error   CON0247/12
-3248  28052012  0   Sin Error   CON0246/12
-3247  28052012  0   Sin Error   CON0245/12
-3245  28052012  0   Sin Error   CON0243/12
-3240  28052012  0   Sin Error   CON0238/12
-3235  28052012  0   Sin Error   CON0233/12
-3234  28052012  0   Sin Error   CON0232/12
-3233  28052012  0   Sin Error   CON0231/12
-3231  28052012  0   Sin Error   CON0229/12
-3230  28052012  0   Sin Error   CON0228/12
-3229  28052012  0   Sin Error   CON0227/12
-3228  28052012  0   Sin Error   CON0226/12
-3227  28052012  0   Sin Error   CON0225/12
-3226  28052012  0   Sin Error   CON0224/12
-3225  28052012  0   Sin Error   CON0223/12
-3224  28052012  0   Sin Error   CON0222/12
-3223  28052012  0   Sin Error   CON0221/12
-3221  28052012  0   Sin Error   CON0219/12
-3220  28052012  0   Sin Error   CON0218/12
-3219  28052012  -5009   Falta artículo núm.   CON0217/12
-3218  28052012  0   Sin Error   CON0216/12
-3217  28052012  0   Sin Error   CON0215/12
-3216  28052012  0   Sin Error   CON0214/12
-3215  28052012  0   Sin Error   CON0213/12
-3210  28052012  0   Sin Error   CON0208/12
-3207  28052012  0   Sin Error   CON0205/12
-3206  28052012  0   Sin Error   CON0204/12
-3201  28052012  0   Sin Error   CON0201/12
-3197  28052012  0   Sin Error   CON0197/12
-3196  28052012  0   Sin Error   CON0196/12
-3194  28052012  0   Sin Error   CON0194/12
-3193  28052012  0   Sin Error   CON0193/12
-3192  28052012  0   Sin Error   CON0192/12
-3191  28052012  0   Sin Error   CON0191/12
-3190  28052012  0   Sin Error   CON0190/12
-3187  28052012  0   Sin Error   CON0187/12
-3186  28052012  0   Sin Error   CON0186/12
-3185  28052012  0   Sin Error   CON0185/12
-3183  28052012  0   Sin Error   CON0183/12
-3182  28052012  0   Sin Error   CON0182/12
-3181  28052012  0   Sin Error   CON0181/12
-3179  28052012  0   Sin Error   CON0179/12
-3177  28052012  0   Sin Error   CON0177/12
-3176  28052012  0   Sin Error   CON0176/12
-3175  28052012  -2028   No existen registros coincidentes ODBC -2028   CON0175/12
-3174  28052012  0   Sin Error   CON0174/12
-3172  28052012  0   Sin Error   CON0172/12
-3171  28052012  0   Sin Error   CON0171/12
-3168  28052012  0   Sin Error   CON0168/12
-3167  28052012  0   Sin Error   CON0167/12
-3166  28052012  0   Sin Error   CON0166/12
-3165  28052012  0   Sin Error   CON0165/12
-3160  28052012  0   Sin Error   CON0161/12
-3159  28052012  0   Sin Error   CON0160/12
-3158  28052012  0   Sin Error   CON0159/12
-3157  28052012  0   Sin Error   CON0158/12
-3154  28052012  0   Sin Error   CON0155/12
-3153  28052012  0   Sin Error   CON0154/12
-3151  28052012  0   Sin Error   CON0152/12
-3149  28052012  0   Sin Error   CON0150/12
-3148  28052012  0   Sin Error   CON0149/12
-3134  28052012  0   Sin Error   CON0135/12
-3133  28052012  0   Sin Error   CON0134/12
-3128  28052012  0   Sin Error   CON0129/12
-3127  28052012  0   Sin Error   CON0128/12
-3126  28052012  -5009   Falta artículo núm.   CON0127/12
-3123  28052012  0   Sin Error   CON0124/12
-3116  28052012  0   Sin Error   CON0117/12
-3108  28052012  0   Sin Error   CON0109/12
-3106  28052012  0   Sin Error   CON0107/12
-3098  28052012  -2028   No existen registros coincidentes ODBC -2028   CON0100/12
-3096  28052012  0   Sin Error   CON0098/12
-3095  28052012  0   Sin Error   CON0097/12
-3094  28052012  0   Sin Error   CON0096/12
-3081  28052012  0   Sin Error   CON0084/12
-3068  28052012  0   Sin Error   CON0073/12
-3054  28052012  0   Sin Error   CON0059/12
-3035  28052012  -10   En los campos "Hasta almacén" introduzca valores válidos  [Zpráva 0-0]   CON0044/12
-3034  28052012  0   Sin Error   CON0043/12
-3033  28052012  -2028   No existen registros coincidentes ODBC -2028   CON0042/12
-3030  28052012  0   Sin Error   CON0039/12
-3029  28052012  0   Sin Error   CON0038/12
-3021  28052012  0   Sin Error   CON0032/12
-3012  28052012  0   Sin Error   CON0025/12
-2994  28052012  0   Sin Error   CON0008/12
-2992  28052012  0   Sin Error   CON0006/12
-2986  28052012  0   Sin Error   CON0723/11
-2981  28052012  0   Sin Error   CON0718/11
-2976  28052012  0   Sin Error   CON0713/11
-2972  28052012  0   Sin Error   CON0709/11
-2966  28052012  0   Sin Error   CON0703/11
-2950  28052012  0   Sin Error   CON0687/11
-2948  28052012  0   Sin Error   CON0685/11
-2947  28052012  0   Sin Error   CON0684/11
-2923  28052012  -2028   No existen registros coincidentes ODBC -2028   CON0660/11
-2922  28052012  0   Sin Error   CON0659/11
-2914  28052012  -2028   No existen registros coincidentes ODBC -2028   CON0652/11
-2913  28052012  0   Sin Error   CON0651/11
-2899  28052012  -2028   No existen registros coincidentes ODBC -2028   CON0638/11
-2893  28052012  0   Sin Error   CON0632/11
-2891  28052012  0   Sin Error   CON0630/11
-2883  28052012  0   Sin Error   CON0622/11
-2882  28052012  0   Sin Error   CON0621/11
-2880  28052012  0   Sin Error   CON0619/11
-2875  28052012  -2028   No existen registros coincidentes ODBC -2028   CON0614/11
-2864  28052012  0   Sin Error   CON0603/11
-2848  28052012  0   Sin Error   CON0587/11
-2835  28052012  0   Sin Error   CON0574/11
-2823  28052012  0   Sin Error   CON0562/11
-2789  28052012  0   Sin Error   CON0531/11
-2720  28052012  0   Sin Error   CON0465/11
-2674  28052012  0   Sin Error   CON0420/11
-2652  28052012  0   Sin Error   CON0398/11
-2651  28052012  0   Sin Error   CON0397/11
-2641  28052012  0   Sin Error   CON0387/11
-2638  28052012  0   Sin Error   CON0384/11
-2625  28052012  0   Sin Error   CON0371/11
-2619  28052012  0   Sin Error   CON0365/11
-2585  28052012  0   Sin Error   CON0331/11
-2551  28052012  0   Sin Error   CON0297/11
-2540  28052012  0   Sin Error   CON0286/11
-2529  28052012  -2028   No existen registros coincidentes ODBC -2028   CON0275/11
-2506  28052012  -2028   No existen registros coincidentes ODBC -2028   CON0252/11
-2332  28052012  -10   En los campos "Hasta almacén" introduzca valores válidos  [Zpráva 0-0]   CON0084/11
15  28052012  0   Sin Error   OP250/10
16  28052012  0   Sin Error   OP251/10
17  28052012  0   Sin Error   OP252/10
18  28052012  0   Sin Error   OP253/10
20  28052012  0   Sin Error   OP255/10
21  28052012  0   Sin Error   OP256/10
22  28052012  0   Sin Error   OP257/10
23  28052012  0   Sin Error   OP258/10
24  28052012  0   Sin Error   OP259/10
25  28052012  0   Sin Error   OP260/10
26  28052012  0   Sin Error   OP261/10
27  28052012  0   Sin Error   OP262/10
28  28052012  0   Sin Error   OP263/10
29  28052012  -2028   No existen registros coincidentes ODBC -2028   OP264/10
30  28052012  0   Sin Error   OP265/10
31  28052012  -2028   No existen registros coincidentes ODBC -2028   OP266/10
32  28052012  0   Sin Error   OP267/10
33  28052012  0   Sin Error   OP268/10
34  28052012  0   Sin Error   OP269/10
35  28052012  0   Sin Error   OP270/10
36  28052012  0   Sin Error   OP271/10
37  28052012  0   Sin Error   OP272/10
38  28052012  0   Sin Error   OP273/10
39  28052012  0   Sin Error   OP274/10
40  28052012  0   Sin Error   OP275/10
41  28052012  0   Sin Error   OP276/10
42  28052012  0   Sin Error   OP277/10
43  28052012  0   Sin Error   OP278/10
44  28052012  0   Sin Error   OP279/10
45  28052012  0   Sin Error   OP280/10
46  28052012  0   Sin Error   OP281/10
47  28052012  0   Sin Error   OP282/10
51  28052012  -2028   No existen registros coincidentes ODBC -2028   OP286/10
53  28052012  0   Sin Error   OP287/10
54  28052012  0   Sin Error   OP288/10
55  28052012  0   Sin Error   OP289/10
56  28052012  0   Sin Error   OP290/10
57  28052012  0   Sin Error   OP291/10
58  28052012  0   Sin Error   OP292/10
59  28052012  0   Sin Error   OP293/10
60  28052012  0   Sin Error   OP294/10
61  28052012  0   Sin Error   OP295/10
62  28052012  0   Sin Error   OP296/10
63  28052012  0   Sin Error   OP297/10
64  28052012  0   Sin Error   OP298/10
65  28052012  0   Sin Error   OP299/10
66  28052012  0   Sin Error   OP300/10
67  28052012  0   Sin Error   OP301/10
68  28052012  -2028   No existen registros coincidentes ODBC -2028   OP302/10
69  28052012  0   Sin Error   OP303/10
70  28052012  0   Sin Error   OP304/10
71  28052012  -2028   No existen registros coincidentes ODBC -2028   OP305/10
72  28052012  0   Sin Error   OP306/10
73  28052012  0   Sin Error   OP307/10
74  28052012  -2028   No existen registros coincidentes ODBC -2028   OP308/10
76  28052012  0   Sin Error   OP310/10
77  28052012  -2028   No existen registros coincidentes ODBC -2028   OP311/10
78  28052012  -2028   No existen registros coincidentes ODBC -2028   OP312/10
79  28052012  -2028   No existen registros coincidentes ODBC -2028   OP313/10
80  28052012  0   Sin Error   OP314/10
81  28052012  0   Sin Error   OP315/10
82  28052012  0   Sin Error   OP316/10
83  28052012  0   Sin Error   OP317/10
84  28052012  0   Sin Error   OP318/10
85  28052012  0   Sin Error   OP319/10
86  28052012  0   Sin Error   OP320/10
89  28052012  0   Sin Error   OP321/10
90  28052012  0   Sin Error   OP322/10
100  28052012  0   Sin Error   OP325/10
103  28052012  0   Sin Error   OP327/10
107  28052012  0   Sin Error   OP331/10
108  28052012  0   Sin Error   OP332/10
109  28052012  0   Sin Error   OP333/10
110  28052012  0   Sin Error   OP334/10
111  28052012  0   Sin Error   OP335/10
112  28052012  0   Sin Error   OP336/10
113  28052012  0   Sin Error   OP337/10
114  28052012  0   Sin Error   OP338/10
115  28052012  0   Sin Error   OP339/10
119  28052012  0   Sin Error   OP342/10
120  28052012  0   Sin Error   OP343/10
121  28052012  0   Sin Error   OP344/10
122  28052012  0   Sin Error   OP345/10
123  28052012  0   Sin Error   OP346/10
124  28052012  -2028   No existen registros coincidentes ODBC -2028   OP347/10
125  28052012  -2028   No existen registros coincidentes ODBC -2028   OP348/10
126  28052012  -2028   No existen registros coincidentes ODBC -2028   OP349/10
127  28052012  0   Sin Error   OP350/10
128  28052012  0   Sin Error   OP351/10
129  28052012  0   Sin Error   OP352/10
132  28052012  0   Sin Error   OP355/10
133  28052012  0   Sin Error   OP356/10
134  28052012  0   Sin Error   OP357/10
135  28052012  0   Sin Error   OP358/10
136  28052012  0   Sin Error   OP359/10
137  28052012  0   Sin Error   OP360/10
140  28052012  0   Sin Error   OP361/10
142  28052012  0   Sin Error   OP363/10
143  28052012  0   Sin Error   OP364/10
144  28052012  0   Sin Error   OP365/10
146  28052012  0   Sin Error   OP367/10
149  28052012  0   Sin Error   OP370/10
158  28052012  0   Sin Error   OP378/10
161  28052012  -2028   No existen registros coincidentes ODBC -2028   OP379/10
162  28052012  0   Sin Error   OP380/10
170  28052012  0   Sin Error   OP388/10
171  28052012  0   Sin Error   OP389/10
172  28052012  0   Sin Error   OP390/10
173  28052012  0   Sin Error   OP391/10
174  28052012  0   Sin Error   OP392/10
175  28052012  0   Sin Error   OP393/10
177  28052012  0   Sin Error   OP395/10
178  28052012  0   Sin Error   OP396/10
179  28052012  0   Sin Error   OP397/10
181  28052012  0   Sin Error   OP369/10
182  28052012  0   Sin Error   OP399/10
183  28052012  0   Sin Error   OP400/10
186  28052012  0   Sin Error   OP402/10
187  28052012  0   Sin Error   OP403/10
190  28052012  0   Sin Error   OP406/10
191  28052012  0   Sin Error   OP407/10
194  28052012  0   Sin Error   OP410/10
196  28052012  0   Sin Error   OP412/10
197  28052012  0   Sin Error   OP413/10
198  28052012  0   Sin Error   OP414/10
199  28052012  -2028   No existen registros coincidentes ODBC -2028   OP415/10
203  28052012  0   Sin Error   OP419/10
204  28052012  0   Sin Error   OP420/10
205  28052012  -2028   No existen registros coincidentes ODBC -2028   OP421/10
207  28052012  -2028   No existen registros coincidentes ODBC -2028   OP423/10
210  28052012  0   Sin Error   OP426/10
213  28052012  0   Sin Error   OP428/10
214  28052012  0   Sin Error   OP429/10
215  28052012  0   Sin Error   OP430/10
217  28052012  0   Sin Error   OP432/10
222  28052012  0   Sin Error   OP437/10
223  28052012  0   Sin Error   OP438/10
224  28052012  0   Sin Error   OP439/10
225  28052012  0   Sin Error   OP440/10
228  28052012  0   Sin Error   OP443/10
235  28052012  0   Sin Error   OP447/10
236  28052012  -2028   No existen registros coincidentes ODBC -2028   OP448/10
237  28052012  0   Sin Error   OP449/10
238  28052012  0   Sin Error   OP450/10
241  28052012  0   Sin Error   OP453/10
243  28052012  0   Sin Error   OP455/10
244  28052012  0   Sin Error   OP456/10
245  28052012  0   Sin Error   OP457/10
247  28052012  0   Sin Error   OP459/10
248  28052012  0   Sin Error   OP460/10
249  28052012  -2028   No existen registros coincidentes ODBC -2028   OP461/10
250  28052012  0   Sin Error   OP462/10
251  28052012  0   Sin Error   OP463/10
252  28052012  0   Sin Error   OP464/10
253  28052012  0   Sin Error   OP465/10
254  28052012  0   Sin Error   OP466/10
255  28052012  -2028   No existen registros coincidentes ODBC -2028   OP467/10
256  28052012  0   Sin Error   OP468/10
257  28052012  0   Sin Error   OP469/10
258  28052012  0   Sin Error   OP470/10
259  28052012  0   Sin Error   OP471/10
261  28052012  0   Sin Error   OP473/10
262  28052012  0   Sin Error   OP474/10
263  28052012  0   Sin Error   OP475/10
264  28052012  0   Sin Error   OP476/10
267  28052012  -2028   No existen registros coincidentes ODBC -2028   OP479/10
269  28052012  0   Sin Error   OP481/10
270  28052012  0   Sin Error   OP482/10
271  28052012  0   Sin Error   OP483/10
272  28052012  0   Sin Error   OP484/10
273  28052012  0   Sin Error   OP485/10
274  28052012  0   Sin Error   OP486/10
275  28052012  0   Sin Error   OP487/10
277  28052012  0   Sin Error   OP489/10
278  28052012  0   Sin Error   OP490/10
280  28052012  0   Sin Error   OP492/10
282  28052012  0   Sin Error   OP494/10
283  28052012  0   Sin Error   OP495/10
284  28052012  0   Sin Error   OP496/10
286  28052012  0   Sin Error   OP498/10
289  28052012  -2028   No existen registros coincidentes ODBC -2028   OP501/10
290  28052012  0   Sin Error   OP502/10
291  28052012  -2028   No existen registros coincidentes ODBC -2028   OP503/10
293  28052012  0   Sin Error   OP505/10
295  28052012  -2028   No existen registros coincidentes ODBC -2028   OP507/10
296  28052012  0   Sin Error   OP508/10
299  28052012  -2028   No existen registros coincidentes ODBC -2028   OP510/10
300  28052012  0   Sin Error   OP511/10
301  28052012  -2028   No existen registros coincidentes ODBC -2028   OP512/10
302  28052012  0   Sin Error   OP513/10
304  28052012  -2028   No existen registros coincidentes ODBC -2028   OP515/10
307  28052012  0   Sin Error   OP518/10
308  28052012  0   Sin Error   OP519/10
311  28052012  0   Sin Error   OP522/10
314  28052012  0   Sin Error   OP525/10
315  28052012  0   Sin Error   OP526/10
316  28052012  0   Sin Error   OP527/10
318  28052012  0   Sin Error   OP529/10
319  28052012  -2028   No existen registros coincidentes ODBC -2028   OP530/10
320  28052012  -2028   No existen registros coincidentes ODBC -2028   OP531/10
321  28052012  -2028   No existen registros coincidentes ODBC -2028   OP532/10
322  28052012  0   Sin Error   OP533/10
323  28052012  0   Sin Error   OP534/10
324  28052012  -2028   No existen registros coincidentes ODBC -2028   OP535/10
327  28052012  0   Sin Error   OP537/10
328  28052012  0   Sin Error   OP538/10
331  28052012  0   Sin Error   OP541/10
332  28052012  0   Sin Error   OP542/10
335  28052012  0   Sin Error   OP545/10
337  28052012  0   Sin Error   OP547/10
339  28052012  0   Sin Error   OP549/10
340  28052012  0   Sin Error   OP550/10
341  28052012  0   Sin Error   OP551/10
342  28052012  0   Sin Error   OP552/10
345  28052012  -2028   No existen registros coincidentes ODBC -2028   OP555/10
347  28052012  0   Sin Error   OP557/10
357  28052012  0   Sin Error   OP559/10
358  28052012  0   Sin Error   OP560/10
361  28052012  0   Sin Error   OP563/10
362  28052012  0   Sin Error   OP564/10
363  28052012  0   Sin Error   OP565/10
364  28052012  -2028   No existen registros coincidentes ODBC -2028   OP566/10
365  28052012  -2028   No existen registros coincidentes ODBC -2028   OP567/10
368  28052012  0   Sin Error   OP570/10
369  28052012  0   Sin Error   OP571/10
372  28052012  0   Sin Error   OP574/10
373  28052012  0   Sin Error   OP575/10
376  28052012  0   Sin Error   OP578/10
381  28052012  -2028   No existen registros coincidentes ODBC -2028   OP583/10
383  28052012  0   Sin Error   OP585/10
385  28052012  0   Sin Error   OP587/10
387  28052012  -2028   No existen registros coincidentes ODBC -2028   OP589/10
391  28052012  0   Sin Error   OP002/11
399  28052012  0   Sin Error   OP010/11
400  28052012  0   Sin Error   OP011/11
401  28052012  0   Sin Error   OP012/11
404  28052012  0   Sin Error   OP015/11
408  28052012  0   Sin Error   OP018/11
409  28052012  0   Sin Error   OP019/11
410  28052012  0   Sin Error   OP020/11
415  28052012  -2028   No existen registros coincidentes ODBC -2028   OP025/11
419  28052012  0   Sin Error   OP029/11
420  28052012  0   Sin Error   OP030/11
422  28052012  -2028   No existen registros coincidentes ODBC -2028   OP032/11
425  28052012  0   Sin Error   OP035/11
426  28052012  0   Sin Error   OP036/11
427  28052012  0   Sin Error   OP037/11
428  28052012  0   Sin Error   OP038/11
431  28052012  0   Sin Error   OP041/11
432  28052012  0   Sin Error   OP042/11
433  28052012  0   Sin Error   OP043/11
434  28052012  0   Sin Error   OP044/11
435  28052012  0   Sin Error   OP045/11
440  28052012  0   Sin Error   OP050/11
442  28052012  0   Sin Error   OP052/11
443  28052012  0   Sin Error   OP053/11
444  28052012  0   Sin Error   OP054/11
446  28052012  0   Sin Error   OP056/11
447  28052012  0   Sin Error   OP057/11
452  28052012  0   Sin Error   OP061/11
456  28052012  0   Sin Error   OP065/11
457  28052012  0   Sin Error   OP066/11
461  28052012  0   Sin Error   OP069/11
462  28052012  0   Sin Error   OP070/11
463  28052012  0   Sin Error   OP071/11
464  28052012  0   Sin Error   OP072/11
465  28052012  0   Sin Error   OP073/11
468  28052012  0   Sin Error   OP076/11
469  28052012  0   Sin Error   OP077/11
470  28052012  0   Sin Error   OP078/11
471  28052012  0   Sin Error   OP079/11
473  28052012  -2028   No existen registros coincidentes ODBC -2028   OP081/11
474  28052012  0   Sin Error   OP082/11
475  28052012  0   Sin Error   OP083/11
476  28052012  0   Sin Error   OP084/11
477  28052012  0   Sin Error   OP085/11
478  28052012  -2028   No existen registros coincidentes ODBC -2028   OP086/11
479  28052012  0   Sin Error   OP087/11
482  28052012  0   Sin Error   OP090/11
483  28052012  0   Sin Error   OP091/11
484  28052012  -2028   No existen registros coincidentes ODBC -2028   OP092/11
486  28052012  0   Sin Error   OP094/11
488  28052012  0   Sin Error   OP096/11
490  28052012  0   Sin Error   OP098/11
491  28052012  0   Sin Error   OP099/11
493  28052012  0   Sin Error   OP101/11
497  28052012  0   Sin Error   OP105/11
500  28052012  0   Sin Error   OP108/11
502  28052012  0   Sin Error   OP110/11
503  28052012  0   Sin Error   OP111/11
509  28052012  0   Sin Error   OP117/11
510  28052012  0   Sin Error   OP118/11
516  28052012  0   Sin Error   OP124/11
518  28052012  -2028   No existen registros coincidentes ODBC -2028   OP126/11
521  28052012  0   Sin Error   OP129/11
522  28052012  0   Sin Error   OP130/11
523  28052012  0   Sin Error   OP131/11
525  28052012  0   Sin Error   OP133/11
526  28052012  0   Sin Error   OP134/11
527  28052012  0   Sin Error   OP135/11
528  28052012  0   Sin Error   OP136/11
529  28052012  0   Sin Error   OP137/11
531  28052012  0   Sin Error   OP139/11
539  28052012  0   Sin Error   OP147/11
543  28052012  0   Sin Error   OP151/11
545  28052012  -2028   No existen registros coincidentes ODBC -2028   OP153/11
548  28052012  0   Sin Error   OP156/11
549  28052012  0   Sin Error   OP157/11
550  28052012  0   Sin Error   OP158/11
551  28052012  0   Sin Error   OP159/11
556  28052012  0   Sin Error   OP164/11
557  28052012  0   Sin Error   OP165/11
558  28052012  0   Sin Error   OP166/11
559  28052012  0   Sin Error   OP167/11
560  28052012  0   Sin Error   OP168/11
562  28052012  0   Sin Error   OP170/11
565  28052012  0   Sin Error   OP173/11
566  28052012  0   Sin Error   OP174/11
567  28052012  0   Sin Error   OP175/11
568  28052012  0   Sin Error   OP176/11
574  28052012  0   Sin Error   OP182/11
579  28052012  0   Sin Error   OP187/11
581  28052012  0   Sin Error   OP189/11
582  28052012  0   Sin Error   OP190/11
586  28052012  0   Sin Error   OP194/11
588  28052012  -2028   No existen registros coincidentes ODBC -2028   OP196/11
589  28052012  0   Sin Error   OP197/11
591  28052012  0   Sin Error   OP199/11
594  28052012  0   Sin Error   OP200/11
599  28052012  -2028   No existen registros coincidentes ODBC -2028   OP205/11
603  28052012  0   Sin Error   OP209/11
606  28052012  0   Sin Error   OP212/11
607  28052012  0   Sin Error   OP213/11
612  28052012  0   Sin Error   OP218/11
615  28052012  0   Sin Error   OP221/11
617  28052012  0   Sin Error   OP223/11
618  28052012  -2028   No existen registros coincidentes ODBC -2028   OP224/11
624  28052012  0   Sin Error   OP230/11
628  28052012  0   Sin Error   OP234/11
629  28052012  0   Sin Error   OP235/11
630  28052012  0   Sin Error   OP236/11
631  28052012  -2028   No existen registros coincidentes ODBC -2028   OP237/11
632  28052012  0   Sin Error   OP238/11
634  28052012  0   Sin Error   OP240/11
635  28052012  0   Sin Error   OP241/11
638  28052012  0   Sin Error   OP243/11
639  28052012  -2028   No existen registros coincidentes ODBC -2028   OP244/11
640  28052012  0   Sin Error   OP245/11
641  28052012  0   Sin Error   OP246/11
643  28052012  0   Sin Error   OP248/11
645  28052012  0   Sin Error   OP250/11
647  28052012  0   Sin Error   OP252/11
650  28052012  0   Sin Error   OP255/11
653  28052012  0   Sin Error   OP258/11
654  28052012  0   Sin Error   OP259/11
655  28052012  0   Sin Error   OP260/11
656  28052012  0   Sin Error   OP261/11
657  28052012  0   Sin Error   OP262/11
658  28052012  0   Sin Error   OP263/11
659  28052012  0   Sin Error   OP264/11
660  28052012  0   Sin Error   OP265/11
662  28052012  0   Sin Error   OP267/11
663  28052012  0   Sin Error   OP268/11
664  28052012  0   Sin Error   OP269/11
665  28052012  0   Sin Error   OP270/11
666  28052012  0   Sin Error   OP271/11
667  28052012  0   Sin Error   OP272/11
672  28052012  0   Sin Error   OP277/11
675  28052012  0   Sin Error   OP280/11
676  28052012  0   Sin Error   OP281/11
677  28052012  0   Sin Error   OP282/11
678  28052012  0   Sin Error   OP283/11
679  28052012  0   Sin Error   OP284/11
680  28052012  0   Sin Error   OP285/11
681  28052012  0   Sin Error   OP286/11
683  28052012  0   Sin Error   OP288/11
684  28052012  0   Sin Error   OP289/11
687  28052012  -2028   No existen registros coincidentes ODBC -2028   OP291/11
688  28052012  0   Sin Error   OP292/11
690  28052012  0   Sin Error   OP294/11
691  28052012  0   Sin Error   OP295/11
694  28052012  -2028   No existen registros coincidentes ODBC -2028   OP298/11
695  28052012  -2028   No existen registros coincidentes ODBC -2028   OP299/11
697  28052012  0   Sin Error   OP301/11
698  28052012  0   Sin Error   OP302/11
702  28052012  0   Sin Error   OP306/11
703  28052012  0   Sin Error   OP307/11
704  28052012  0   Sin Error   OP308/11
705  28052012  0   Sin Error   OP309/11
707  28052012  0   Sin Error   OP310/11
709  28052012  -2028   No existen registros coincidentes ODBC -2028   OP312/11
710  28052012  -2028   No existen registros coincidentes ODBC -2028   OP313/11
711  28052012  0   Sin Error   OP314/11
712  28052012  -2028   No existen registros coincidentes ODBC -2028   OP315/11
713  28052012  0   Sin Error   OP316/11
714  28052012  0   Sin Error   OP317/11
715  28052012  0   Sin Error   OP318/11
716  28052012  0   Sin Error   OP319/11
717  28052012  0   Sin Error   OP320/11
718  28052012  0   Sin Error   OP321/11
719  28052012  -2028   No existen registros coincidentes ODBC -2028   OP322/11
723  28052012  -2028   No existen registros coincidentes ODBC -2028   OP326/11
726  28052012  0   Sin Error   OP329/11
733  28052012  0   Sin Error   OP336/11
735  28052012  0   Sin Error   OP338/11
736  28052012  0   Sin Error   OP339/11
737  28052012  0   Sin Error   OP340/11
738  28052012  -2028   No existen registros coincidentes ODBC -2028   OP341/11
740  28052012  -2028   No existen registros coincidentes ODBC -2028   OP343/11
741  28052012  0   Sin Error   OP344/11
743  28052012  0   Sin Error   OP346/11
746  28052012  0   Sin Error   OP349/11
749  28052012  0   Sin Error   OP352/11
750  28052012  0   Sin Error   OP353/11
751  28052012  0   Sin Error   OP354/11
752  28052012  0   Sin Error   OP355/11
754  28052012  0   Sin Error   OP357/11
755  28052012  0   Sin Error   OP358/11
757  28052012  0   Sin Error   OP360/11
758  28052012  0   Sin Error   OP361/11
759  28052012  0   Sin Error   OP362/11
760  28052012  0   Sin Error   OP363/11
761  28052012  0   Sin Error   OP364/11
762  28052012  -2028   No existen registros coincidentes ODBC -2028   OP365/11
763  28052012  -2028   No existen registros coincidentes ODBC -2028   OP366/11
766  28052012  0   Sin Error   OP369/11
767  28052012  0   Sin Error   OP370/11
768  28052012  0   Sin Error   OP371/11
769  28052012  0   Sin Error   OP372/11
771  28052012  0   Sin Error   OP374/11
772  28052012  0   Sin Error   OP375/11
773  28052012  0   Sin Error   OP376/11
775  28052012  0   Sin Error   OP378/11
776  28052012  0   Sin Error   OP379/11
777  28052012  -2028   No existen registros coincidentes ODBC -2028   OP380/11
781  28052012  0   Sin Error   OP384/11
782  28052012  0   Sin Error   OP385/11
783  28052012  0   Sin Error   OP386/11
784  28052012  0   Sin Error   OP387/11
785  28052012  0   Sin Error   OP388/11
787  28052012  -2028   No existen registros coincidentes ODBC -2028   OP390/11
788  28052012  -2028   No existen registros coincidentes ODBC -2028   OP391/11
789  28052012  -2028   No existen registros coincidentes ODBC -2028   OP392/11
790  28052012  -2028   No existen registros coincidentes ODBC -2028   OP393/11
791  28052012  -2028   No existen registros coincidentes ODBC -2028   OP394/11
792  28052012  -2028   No existen registros coincidentes ODBC -2028   OP395/11
793  28052012  -2028   No existen registros coincidentes ODBC -2028   OP396/11
794  28052012  -2028   No existen registros coincidentes ODBC -2028   OP397/11
797  28052012  0   Sin Error   OP400/11
798  28052012  -2028   No existen registros coincidentes ODBC -2028   OP401/11
800  28052012  0   Sin Error   OP403/11
802  28052012  0   Sin Error   OP405/11
803  28052012  -2028   No existen registros coincidentes ODBC -2028   OP406/11
807  28052012  -2028   No existen registros coincidentes ODBC -2028   OP410/11
808  28052012  -2028   No existen registros coincidentes ODBC -2028   OP411/11
812  28052012  0   Sin Error   OP415/11
814  28052012  0   Sin Error   OP417/11
815  28052012  0   Sin Error   OP418/11
816  28052012  0   Sin Error   OP419/11
817  28052012  0   Sin Error   OP420/11
818  28052012  0   Sin Error   OP421/11
819  28052012  0   Sin Error   OP422/11
820  28052012  0   Sin Error   OP423/11
821  28052012  0   Sin Error   OP424/11
822  28052012  0   Sin Error   OP425/11
823  28052012  0   Sin Error   OP426/11
825  28052012  0   Sin Error   OP428/11
826  28052012  0   Sin Error   OP429/11
827  28052012  0   Sin Error   OP430/11
828  28052012  0   Sin Error   OP431/11
829  28052012  0   Sin Error   OP432/11
833  28052012  0   Sin Error   OP436/11
834  28052012  0   Sin Error   OP437/11
836  28052012  0   Sin Error   OP439/11
837  28052012  -2028   No existen registros coincidentes ODBC -2028   OP440/11
838  28052012  0   Sin Error   OP441/11
839  28052012  0   Sin Error   OP442/11
840  28052012  0   Sin Error   OP443/11
841  28052012  0   Sin Error   OP444/11
842  28052012  0   Sin Error   OP445/11
843  28052012  0   Sin Error   OP446/11
844  28052012  -2028   No existen registros coincidentes ODBC -2028   OP447/11
845  28052012  -2028   No existen registros coincidentes ODBC -2028   OP448/11
846  28052012  0   Sin Error   OP449/11
847  28052012  0   Sin Error   OP450/11
848  28052012  0   Sin Error   OP451/11
849  28052012  0   Sin Error   OP452/11
851  28052012  0   Sin Error   OP454/11
854  28052012  0   Sin Error   OP456/11
869  28052012  0   Sin Error   OP471/11
872  28052012  0   Sin Error   OP474/11
873  28052012  0   Sin Error   OP475/11
874  28052012  0   Sin Error   OP476/11
875  28052012  0   Sin Error   OP477/11
876  28052012  0   Sin Error   OP478/11
877  28052012  0   Sin Error   OP479/11
879  28052012  -2028   No existen registros coincidentes ODBC -2028   OP481/11
880  28052012  0   Sin Error   OP482/11
882  28052012  -2028   No existen registros coincidentes ODBC -2028   OP484/11
883  28052012  0   Sin Error   OP485/11
884  28052012  0   Sin Error   OP486/11
885  28052012  -2028   No existen registros coincidentes ODBC -2028   OP487/11
886  28052012  0   Sin Error   OP488/11
887  28052012  0   Sin Error   OP489/11
888  28052012  -2028   No existen registros coincidentes ODBC -2028   OP490/11
892  28052012  0   Sin Error   OP494/11
895  28052012  0   Sin Error   OP496/11
898  28052012  0   Sin Error   OP499/11
899  28052012  0   Sin Error   OP500/11
900  28052012  0   Sin Error   OP501/11
901  28052012  0   Sin Error   OP502/11
902  28052012  0   Sin Error   OP503/11
905  28052012  0   Sin Error   OP506/11
907  28052012  0   Sin Error   OP508/11
908  28052012  0   Sin Error   OP509/11
909  28052012  -2028   No existen registros coincidentes ODBC -2028   OP510/11
910  28052012  0   Sin Error   OP511/11
911  28052012  0   Sin Error   OP512/11
912  28052012  -2028   No existen registros coincidentes ODBC -2028   OP513/11
913  28052012  -2028   No existen registros coincidentes ODBC -2028   OP514/11
915  28052012  0   Sin Error   OP516/11
917  28052012  0   Sin Error   OP518/11
918  28052012  0   Sin Error   OP519/11
921  28052012  0   Sin Error   OP522/11
923  28052012  0   Sin Error   OP524/11
925  28052012  0   Sin Error   OP526/11
926  28052012  0   Sin Error   OP527/11
927  28052012  0   Sin Error   OP528/11
928  28052012  0   Sin Error   OP529/11
929  28052012  -2028   No existen registros coincidentes ODBC -2028   OP530/11
931  28052012  0   Sin Error   OP532/11
935  28052012  0   Sin Error   OP536/11
936  28052012  0   Sin Error   OP537/11
937  28052012  0   Sin Error   OP538/11
940  28052012  0   Sin Error   OP541/11
943  28052012  0   Sin Error   OP544/11
944  28052012  0   Sin Error   OP545/11
945  28052012  0   Sin Error   OP546/11
946  28052012  0   Sin Error   OP547/11
947  28052012  0   Sin Error   OP548/11
948  28052012  0   Sin Error   OP549/11
949  28052012  0   Sin Error   OP550/11
950  28052012  0   Sin Error   OP551/11
951  28052012  0   Sin Error   OP552/11
952  28052012  0   Sin Error   OP553/11
953  28052012  0   Sin Error   OP554/11
954  28052012  0   Sin Error   OP555/11
955  28052012  0   Sin Error   OP556/11
956  28052012  0   Sin Error   OP557/11
957  28052012  0   Sin Error   OP558/11
958  28052012  0   Sin Error   OP559/11
959  28052012  0   Sin Error   OP560/11
960  28052012  0   Sin Error   OP561/11
961  28052012  0   Sin Error   OP562/11
964  28052012  0   Sin Error   OP565/11
965  28052012  0   Sin Error   OP566/11
968  28052012  0   Sin Error   OP569/11
969  28052012  0   Sin Error   OP570/11
970  28052012  0   Sin Error   OP571/11
971  28052012  0   Sin Error   OP572/11
976  28052012  0   Sin Error   OP577/11
977  28052012  0   Sin Error   OP578/11
978  28052012  0   Sin Error   OP579/11
980  28052012  0   Sin Error   OP581/11
981  28052012  0   Sin Error   OP582/11
984  28052012  0   Sin Error   OP585/11
985  28052012  0   Sin Error   OP586/11
986  28052012  0   Sin Error   OP587/11
987  28052012  0   Sin Error   OP588/11
988  28052012  0   Sin Error   OP589/11
989  28052012  0   Sin Error   OP590/11
990  28052012  0   Sin Error   OP591/11
992  28052012  -2028   No existen registros coincidentes ODBC -2028   OP592/11
993  28052012  0   Sin Error   OP593/11
996  28052012  0   Sin Error   OP596/11
998  28052012  0   Sin Error   OP598/11
999  28052012  0   Sin Error   OP599/11
1000  28052012  0   Sin Error   OP600/11
1001  28052012  0   Sin Error   OP601/11
1002  28052012  0   Sin Error   OP602/11
1003  28052012  -2028   No existen registros coincidentes ODBC -2028   OP603/11
1006  28052012  0   Sin Error   OP604/11
1012  28052012  0   Sin Error   OP608/11
1014  28052012  0   Sin Error   OP610/11
1015  28052012  0   Sin Error   OP611/11
1016  28052012  0   Sin Error   OP612/11
1019  28052012  -2028   No existen registros coincidentes ODBC -2028   OP615/11
1022  28052012  0   Sin Error   OP618/11
1023  28052012  0   Sin Error   OP619/11
1026  28052012  0   Sin Error   OP622/11
1027  28052012  0   Sin Error   OP623/11
1028  28052012  0   Sin Error   OP624/11
1029  28052012  0   Sin Error   OP625/11
1030  28052012  0   Sin Error   OP626/11
1031  28052012  0   Sin Error   OP627/11
1032  28052012  0   Sin Error   OP628/11
1034  28052012  0   Sin Error   OP630/11
1039  28052012  0   Sin Error   OP635/11
1042  28052012  -2028   No existen registros coincidentes ODBC -2028   OP638/11
1044  28052012  0   Sin Error   OP640/11
1045  28052012  0   Sin Error   OP641/11
1046  28052012  0   Sin Error   OP642/11
1048  28052012  0   Sin Error   OP644/11
1049  28052012  0   Sin Error   OP645/11
1050  28052012  0   Sin Error   OP646/11
1051  28052012  0   Sin Error   OP647/11
1052  28052012  0   Sin Error   OP648/11
1053  28052012  0   Sin Error   OP649/11
1054  28052012  0   Sin Error   OP650/11
1056  28052012  0   Sin Error   OP652/11
1057  28052012  0   Sin Error   OP653/11
1058  28052012  0   Sin Error   OP654/11
1059  28052012  0   Sin Error   OP655/11
1060  28052012  0   Sin Error   OP656/11
1061  28052012  0   Sin Error   OP657/11
1062  28052012  0   Sin Error   OP658/11
1063  28052012  0   Sin Error   OP659/11
1064  28052012  0   Sin Error   OP660/11
1065  28052012  -2028   No existen registros coincidentes ODBC -2028   OP661/11
1069  28052012  0   Sin Error   OP665/11
1070  28052012  0   Sin Error   OP666/11
1071  28052012  -2028   No existen registros coincidentes ODBC -2028   OP667/11
1072  28052012  -2028   No existen registros coincidentes ODBC -2028   OP668/11
1073  28052012  0   Sin Error   OP669/11
1074  28052012  0   Sin Error   OP670/11
1075  28052012  -2028   No existen registros coincidentes ODBC -2028   OP671/11
1076  28052012  -2028   No existen registros coincidentes ODBC -2028   OP672/11
1077  28052012  0   Sin Error   OP673/11
1078  28052012  0   Sin Error   OP674/11
1079  28052012  0   Sin Error   OP675/11
1080  28052012  -2028   No existen registros coincidentes ODBC -2028   OP676/11
1090  28052012  0   Sin Error   OP686/11
1091  28052012  0   Sin Error   OP687/11
1092  28052012  0   Sin Error   OP688/11
1093  28052012  0   Sin Error   OP689/11
1094  28052012  0   Sin Error   OP690/11
1095  28052012  0   Sin Error   OP691/11
1096  28052012  0   Sin Error   OP692/11
1097  28052012  0   Sin Error   OP693/11
1099  28052012  0   Sin Error   OP695/11
1100  28052012  0   Sin Error   OP696/11
1102  28052012  0   Sin Error   OP697/11
1103  28052012  0   Sin Error   OP698/11
1105  28052012  0   Sin Error   OP700/11
1107  28052012  0   Sin Error   OP702/11
1109  28052012  0   Sin Error   OP704/11
1110  28052012  0   Sin Error   OP705/11
1111  28052012  0   Sin Error   OP706/11
1112  28052012  0   Sin Error   OP707/11
1117  28052012  0   Sin Error   OP712/11
1118  28052012  0   Sin Error   OP713/11
1119  28052012  0   Sin Error   OP714/11
1120  28052012  0   Sin Error   OP715/11
1130  28052012  0   Sin Error   OP725/11
1135  28052012  0   Sin Error   OP730/11
1136  28052012  0   Sin Error   OP731/11
1137  28052012  0   Sin Error   OP732/11
1138  28052012  0   Sin Error   OP733/11
1139  28052012  0   Sin Error   OP734/11
1140  28052012  0   Sin Error   OP735/11
1141  28052012  -2028   No existen registros coincidentes ODBC -2028   OP736/11
1142  28052012  0   Sin Error   OP737/11
1143  28052012  0   Sin Error   OP738/11
1144  28052012  0   Sin Error   OP739/11
1147  28052012  0   Sin Error   OP742/11
1149  28052012  0   Sin Error   OP744/11
1150  28052012  0   Sin Error   OP745/11
1151  28052012  0   Sin Error   OP746/11
1152  28052012  0   Sin Error   OP747/11
1153  28052012  0   Sin Error   OP748/11
1154  28052012  0   Sin Error   OP749/11
1155  28052012  0   Sin Error   OP750/11
1156  28052012  0   Sin Error   OP751/11
1157  28052012  0   Sin Error   OP752/11
1158  28052012  0   Sin Error   OP753/11
1160  28052012  0   Sin Error   OP755/11
1161  28052012  0   Sin Error   OP756/11
1162  28052012  0   Sin Error   OP757/11
1165  28052012  0   Sin Error   OP760/11
1166  28052012  0   Sin Error   OP761/11
1172  28052012  0   Sin Error   OP767/11
1173  28052012  0   Sin Error   OP768/11
1174  28052012  0   Sin Error   OP769/11
1175  28052012  -2028   No existen registros coincidentes ODBC -2028   OP770/11
1176  28052012  0   Sin Error   OP771/11
1177  28052012  -2028   No existen registros coincidentes ODBC -2028   OP772/11
1178  28052012  0   Sin Error   OP773/11
1179  28052012  0   Sin Error   OP774/11
1184  28052012  0   Sin Error   OP779/11
1185  28052012  -2028   No existen registros coincidentes ODBC -2028   OP780/11
1186  28052012  0   Sin Error   OP781/11
1187  28052012  0   Sin Error   OP782/11
1192  28052012  0   Sin Error   OP785/11
1193  28052012  0   Sin Error   OP786/11
1194  28052012  0   Sin Error   OP787/11
1195  28052012  0   Sin Error   OP788/11
1200  28052012  -2028   No existen registros coincidentes ODBC -2028   OP793/11
1201  28052012  0   Sin Error   OP794/11
1202  28052012  0   Sin Error   OP795/11
1203  28052012  0   Sin Error   OP796/11
1204  28052012  0   Sin Error   OP797/11
1206  28052012  0   Sin Error   OP799/11
1208  28052012  0   Sin Error   OP801/11
1209  28052012  0   Sin Error   OP802/11
1210  28052012  0   Sin Error   OP803/11
1211  28052012  -2028   No existen registros coincidentes ODBC -2028   OP804/11
1212  28052012  0   Sin Error   OP805/11
1213  28052012  0   Sin Error   OP806/11
1215  28052012  0   Sin Error   OP808/11
1217  28052012  0   Sin Error   OP810/11
1219  28052012  0   Sin Error   OP812/11
1220  28052012  0   Sin Error   OP813/11
1221  28052012  0   Sin Error   OP814/11
1222  28052012  0   Sin Error   OP815/11
1223  28052012  -2028   No existen registros coincidentes ODBC -2028   OP816/11
1224  28052012  0   Sin Error   OP817/11
1225  28052012  0   Sin Error   OP818/11
1226  28052012  0   Sin Error   OP819/11
1231  28052012  0   Sin Error   OP824/11
1232  28052012  0   Sin Error   OP825/11
1233  28052012  0   Sin Error   OP826/11
1234  28052012  0   Sin Error   OP827/11
1235  28052012  0   Sin Error   OP828/11
1236  28052012  0   Sin Error   OP829/11
1237  28052012  0   Sin Error   OP830/11
1238  28052012  0   Sin Error   OP831/11
1240  28052012  -2028   No existen registros coincidentes ODBC -2028   OP833/11
1242  28052012  0   Sin Error   OP835/11
1243  28052012  0   Sin Error   OP836/11
1245  28052012  0   Sin Error   OP838/11
1246  28052012  0   Sin Error   OP839/11
1247  28052012  0   Sin Error   OP840/11
1249  28052012  0   Sin Error   OP842/11
1250  28052012  0   Sin Error   OP843/11
1252  28052012  0   Sin Error   OP845/11
1253  28052012  0   Sin Error   OP846/11
1254  28052012  -2028   No existen registros coincidentes ODBC -2028   OP847/11
1255  28052012  0   Sin Error   OP848/11
1256  28052012  0   Sin Error   OP849/11
1257  28052012  0   Sin Error   OP850/11
1258  28052012  0   Sin Error   OP851/11
1259  28052012  0   Sin Error   OP852/11
1261  28052012  -2028   No existen registros coincidentes ODBC -2028   OP854/11
1264  28052012  0   Sin Error   OP857/11
1265  28052012  0   Sin Error   OP858/11
1266  28052012  0   Sin Error   OP859/11
1267  28052012  0   Sin Error   OP860/11
1268  28052012  0   Sin Error   OP861/11
1269  28052012  0   Sin Error   OP862/11
1270  28052012  0   Sin Error   OP863/11
1271  28052012  0   Sin Error   OP864/11
1272  28052012  0   Sin Error   OP865/11
1273  28052012  0   Sin Error   OP866/11
1274  28052012  0   Sin Error   OP867/11
1275  28052012  0   Sin Error   OP868/11
1277  28052012  0   Sin Error   OP870/11
1278  28052012  0   Sin Error   OP871/11
1279  28052012  0   Sin Error   OP872/11
1280  28052012  0   Sin Error   OP873/11
1281  28052012  0   Sin Error   OP874/11
1282  28052012  0   Sin Error   OP875/11
1283  28052012  0   Sin Error   OP876/11
1284  28052012  0   Sin Error   OP877/11
1289  28052012  0   Sin Error   OP882/11
1290  28052012  0   Sin Error   OP883/11
1291  28052012  0   Sin Error   OP884/11
1292  28052012  0   Sin Error   OP885/11
1293  28052012  0   Sin Error   OP886/11
1296  28052012  0   Sin Error   OP889/11
1297  28052012  0   Sin Error   OP890/11
1298  28052012  0   Sin Error   OP891/11
1299  28052012  0   Sin Error   OP892/11
1300  28052012  0   Sin Error   OP893/11
1301  28052012  0   Sin Error   OP894/11
1302  28052012  0   Sin Error   OP895/11
1303  28052012  0   Sin Error   OP896/11
1304  28052012  0   Sin Error   OP897/11
1305  28052012  0   Sin Error   OP898/11
1306  28052012  -2028   No existen registros coincidentes ODBC -2028   OP899/11
1309  28052012  0   Sin Error   OP902/11
1312  28052012  -2028   No existen registros coincidentes ODBC -2028   OP905/11
1317  28052012  0   Sin Error   OP910/11
1323  28052012  0   Sin Error   OP915/11
1324  28052012  0   Sin Error   OP916/11
1325  28052012  0   Sin Error   OP917/11
1326  28052012  0   Sin Error   OP918/11
1327  28052012  0   Sin Error   OP919/11
1334  28052012  0   Sin Error   OP926/11
1335  28052012  0   Sin Error   OP927/11
1336  28052012  0   Sin Error   OP928/11
1337  28052012  0   Sin Error   OP929/11
1338  28052012  0   Sin Error   OP930/11
1339  28052012  0   Sin Error   OP931/11
1340  28052012  0   Sin Error   OP932/11
1341  28052012  0   Sin Error   OP933/11
1342  28052012  0   Sin Error   OP934/11
1344  28052012  0   Sin Error   OP936/11
1345  28052012  0   Sin Error   OP937/11
1346  28052012  0   Sin Error   OP938/11
1349  28052012  -2028   No existen registros coincidentes ODBC -2028   OP941/11
1353  28052012  0   Sin Error   OP945/11
1354  28052012  0   Sin Error   OP946/11
1355  28052012  0   Sin Error   OP947/11
1356  28052012  0   Sin Error   OP948/11
1357  28052012  -2028   No existen registros coincidentes ODBC -2028   OP949/11
1360  28052012  0   Sin Error   OP952/11
1365  28052012  0   Sin Error   OP957/11
1366  28052012  0   Sin Error   OP958/11
1367  28052012  0   Sin Error   OP959/11
1372  28052012  0   Sin Error   OP964/11
1375  28052012  0   Sin Error   OP967/11
1376  28052012  0   Sin Error   OP968/11
1378  28052012  0   Sin Error   OP970/11
1380  28052012  0   Sin Error   OP972/11
1381  28052012  0   Sin Error   OP973/11
1382  28052012  0   Sin Error   OP974/11
1386  28052012  0   Sin Error   OP977/11
1388  28052012  -2028   No existen registros coincidentes ODBC -2028   OP978/11
1389  28052012  0   Sin Error   OP979/11
1393  28052012  0   Sin Error   OP982/11
1396  28052012  0   Sin Error   OP985/11
1397  28052012  0   Sin Error   OP986/11
1399  28052012  0   Sin Error   OP988/11
1400  28052012  0   Sin Error   OP989/11
1401  28052012  0   Sin Error   OP990/11
1402  28052012  0   Sin Error   OP991/11
1403  28052012  0   Sin Error   OP992/11
1404  28052012  0   Sin Error   OP993/11
1406  28052012  0   Sin Error   OP995/11
1407  28052012  0   Sin Error   OP996/11
1408  28052012  0   Sin Error   OP997/11
1409  28052012  0   Sin Error   OP998/11
1416  28052012  0   Sin Error   OP1005/11
1417  28052012  0   Sin Error   OP1006/11
1419  28052012  -2028   No existen registros coincidentes ODBC -2028   OP1008/11
1420  28052012  -2028   No existen registros coincidentes ODBC -2028   OP1009/11
1421  28052012  0   Sin Error   OP1010/11
1422  28052012  0   Sin Error   OP1011/11
1423  28052012  -2028   No existen registros coincidentes ODBC -2028   OP1012/11
1424  28052012  -2028   No existen registros coincidentes ODBC -2028   OP1013/11
1425  28052012  -2028   No existen registros coincidentes ODBC -2028   OP1014/11
1426  28052012  -2028   No existen registros coincidentes ODBC -2028   OP1015/11
1427  28052012  -2028   No existen registros coincidentes ODBC -2028   OP1016/11
1428  28052012  -2028   No existen registros coincidentes ODBC -2028   OP1017/11
1429  28052012  0   Sin Error   OP1018/11
1430  28052012  -2028   No existen registros coincidentes ODBC -2028   OP001/12
1431  28052012  0   Sin Error   OP002/12
1432  28052012  0   Sin Error   OP003/12
1433  28052012  0   Sin Error   OP004/12
1434  28052012  0   Sin Error   OP005/12
1435  28052012  0   Sin Error   OP006/12
1436  28052012  0   Sin Error   OP007/12
1437  28052012  0   Sin Error   OP008/12
1438  28052012  0   Sin Error   OP009/12
1450  28052012  0   Sin Error   OP020/12
1451  28052012  0   Sin Error   OP021/12
1452  28052012  0   Sin Error   OP022/12
1453  28052012  0   Sin Error   OP023/12
1454  28052012  0   Sin Error   OP024/12
1455  28052012  0   Sin Error   OP025/12
1456  28052012  0   Sin Error   OP026/12
1457  28052012  0   Sin Error   OP027/12
1462  28052012  0   Sin Error   OP032/12
1466  28052012  0   Sin Error   OP036/12
1467  28052012  0   Sin Error   OP037/12
1468  28052012  0   Sin Error   OP038/12
1469  28052012  0   Sin Error   OP039/12
1470  28052012  0   Sin Error   OP040/12
1478  28052012  0   Sin Error   OP048/12
1480  28052012  -2028   No existen registros coincidentes ODBC -2028   OP050/12
1481  28052012  0   Sin Error   OP051/12
1482  28052012  0   Sin Error   OP052/12
1484  28052012  0   Sin Error   OP054/12
1485  28052012  0   Sin Error   OP055/12
1486  28052012  0   Sin Error   OP056/12
1487  28052012  0   Sin Error   OP057/12
1488  28052012  0   Sin Error   OP058/12
1491  28052012  0   Sin Error   OP061/12
1492  28052012  0   Sin Error   OP062/12
1497  28052012  -2028   No existen registros coincidentes ODBC -2028   OP067/12
1499  28052012  -2028   No existen registros coincidentes ODBC -2028   OP069/12
1500  28052012  -2028   No existen registros coincidentes ODBC -2028   OP070/12
1501  28052012  -2028   No existen registros coincidentes ODBC -2028   OP071/12
1504  28052012  -2028   No existen registros coincidentes ODBC -2028   OP074/12
1505  28052012  -2028   No existen registros coincidentes ODBC -2028   OP075/12
1508  28052012  -2028   No existen registros coincidentes ODBC -2028   OP078/12
1509  28052012  -2028   No existen registros coincidentes ODBC -2028   OP079/12
1511  28052012  0   Sin Error   OP081/12
1512  28052012  0   Sin Error   OP082/12
1513  28052012  0   Sin Error   OP083/12
1514  28052012  0   Sin Error   OP084/12
1516  28052012  0   Sin Error   OP086/12
1517  28052012  0   Sin Error   OP087/12
1519  28052012  -2028   No existen registros coincidentes ODBC -2028   OP089/12
1520  28052012  0   Sin Error   OP090/12
1524  28052012  0   Sin Error   OP094/12
1527  28052012  -2028   No existen registros coincidentes ODBC -2028   OP097/12
1532  28052012  -2028   No existen registros coincidentes ODBC -2028   OP102/12
1533  28052012  -2028   No existen registros coincidentes ODBC -2028   OP103/12
1534  28052012  -2028   No existen registros coincidentes ODBC -2028   OP104/12
1535  28052012  -2028   No existen registros coincidentes ODBC -2028   OP105/12
1536  28052012  0   Sin Error   OP106/12
1537  28052012  0   Sin Error   OP107/12
1538  28052012  0   Sin Error   OP108/12
1539  28052012  0   Sin Error   OP109/12
1540  28052012  -2028   No existen registros coincidentes ODBC -2028   OP110/12
1541  28052012  0   Sin Error   OP111/12
1542  28052012  0   Sin Error   OP112/12
1543  28052012  0   Sin Error   OP113/12
1545  28052012  0   Sin Error   OP115/12
1547  28052012  0   Sin Error   OP117/12
1549  28052012  0   Sin Error   OP119/12
1550  28052012  0   Sin Error   OP120/12
1552  28052012  -2028   No existen registros coincidentes ODBC -2028   OP122/12
1553  28052012  0   Sin Error   OP123/12
1554  28052012  0   Sin Error   OP124/12
1555  28052012  0   Sin Error   OP125/12
1556  28052012  0   Sin Error   OP126/12
1558  28052012  -2028   No existen registros coincidentes ODBC -2028   OP1019/11
1560  28052012  0   Sin Error   OP128/12
1561  28052012  0   Sin Error   OP129/12
1562  28052012  -2028   No existen registros coincidentes ODBC -2028   OP130/12
1563  28052012  0   Sin Error   OP131/12
1564  28052012  0   Sin Error   OP132/12
1565  28052012  0   Sin Error   OP133/12
1567  28052012  -2028   No existen registros coincidentes ODBC -2028   OP135/12
1569  28052012  0   Sin Error   OP137/12
1570  28052012  0   Sin Error   OP138/12
1571  28052012  -2028   No existen registros coincidentes ODBC -2028   OP139/12
1572  28052012  -2028   No existen registros coincidentes ODBC -2028   OP140/12
1573  28052012  -2028   No existen registros coincidentes ODBC -2028   OP141/12
1574  28052012  0   Sin Error   OP142/12
1576  28052012  -2028   No existen registros coincidentes ODBC -2028   OP144/12
1577  28052012  -2028   No existen registros coincidentes ODBC -2028   OP145/12
1578  28052012  -2028   No existen registros coincidentes ODBC -2028   OP146/12
1579  28052012  0   Sin Error   OP147/12
1580  28052012  0   Sin Error   OP148/12
1581  28052012  0   Sin Error   OP149/12
1582  28052012  0   Sin Error   OP150/12
1583  28052012  0   Sin Error   OP151/12
1586  28052012  0   Sin Error   OP154/12
1587  28052012  0   Sin Error   OP155/12
1588  28052012  0   Sin Error   OP156/12
1590  28052012  0   Sin Error   OP158/12
1592  28052012  0   Sin Error   OP160/12
1600  28052012  0   Sin Error   OP168/12
1601  28052012  0   Sin Error   OP169/12
1602  28052012  0   Sin Error   OP170/12
1603  28052012  0   Sin Error   OP171/12
1604  28052012  0   Sin Error   OP172/12
1605  28052012  0   Sin Error   OP173/12
1606  28052012  0   Sin Error   OP174/12
1607  28052012  0   Sin Error   OP175/12
1608  28052012  0   Sin Error   OP176/12
1609  28052012  -2028   No existen registros coincidentes ODBC -2028   OP177/12
1610  28052012  0   Sin Error   OP178/12
1612  28052012  0   Sin Error   OP180/12
1614  28052012  0   Sin Error   OP182/12
1616  28052012  0   Sin Error   OP184/12
1619  28052012  0   Sin Error   OP187/12
1621  28052012  0   Sin Error   OP189/12
1622  28052012  0   Sin Error   OP190/12
1623  28052012  0   Sin Error   OP191/12
1624  28052012  0   Sin Error   OP192/12
1626  28052012  0   Sin Error   OP194/12
1631  28052012  -2028   No existen registros coincidentes ODBC -2028   OP199/12
1632  28052012  0   Sin Error   OP200/12
1633  28052012  0   Sin Error   OP201/12
1634  28052012  0   Sin Error   OP202/12
1635  28052012  0   Sin Error   OP203/12
1636  28052012  0   Sin Error   OP204/12
1637  28052012  0   Sin Error   OP205/12
1638  28052012  0   Sin Error   OP206/12
1639  28052012  0   Sin Error   OP207/12
1640  28052012  0   Sin Error   OP208/12
1641  28052012  0   Sin Error   OP209/12
1642  28052012  0   Sin Error   OP210/12
1644  28052012  0   Sin Error   OP211/12
1645  28052012  0   Sin Error   OP212/12
1646  28052012  0   Sin Error   OP213/12
1647  28052012  0   Sin Error   OP214/12
1649  28052012  0   Sin Error   OP216/12
1650  28052012  -2028   No existen registros coincidentes ODBC -2028   OP217/12
1651  28052012  -2028   No existen registros coincidentes ODBC -2028   OP218/12
1655  28052012  -2028   No existen registros coincidentes ODBC -2028   OP222/12
1656  28052012  0   Sin Error   OP223/12
1659  28052012  0   Sin Error   OP226/12
1660  28052012  -2028   No existen registros coincidentes ODBC -2028   OP227/12
1661  28052012  0   Sin Error   OP228/12
1666  28052012  0   Sin Error   OP233/12
1667  28052012  0   Sin Error   OP234/12
1668  28052012  0   Sin Error   OP235/12
1669  28052012  0   Sin Error   OP236/12
1670  28052012  0   Sin Error   OP237/12
1671  28052012  0   Sin Error   OP238/12
1672  28052012  0   Sin Error   OP239/12
1673  28052012  -2028   No existen registros coincidentes ODBC -2028   OP240/12
1674  28052012  0   Sin Error   OP241/12
1675  28052012  0   Sin Error   OP242/12
1676  28052012  0   Sin Error   OP243/12
1677  28052012  0   Sin Error   OP244/12
1678  28052012  0   Sin Error   OP245/12
1679  28052012  0   Sin Error   OP246/12
1680  28052012  0   Sin Error   OP247/12
1683  28052012  -2028   No existen registros coincidentes ODBC -2028   OP250/12
1684  28052012  0   Sin Error   OP251/12
1689  28052012  0   Sin Error   OP256/12
1690  28052012  0   Sin Error   OP257/12
1691  28052012  0   Sin Error   OP258/12
1692  28052012  0   Sin Error   OP259/12
1695  28052012  0   Sin Error   OP262/12
1698  28052012  0   Sin Error   OP265/12
1700  28052012  0   Sin Error   OP266/12
1701  28052012  0   Sin Error   OP267/12
1702  28052012  0   Sin Error   OP268/12
1703  28052012  0   Sin Error   OP269/12
1704  28052012  0   Sin Error   OP270/12
1706  28052012  0   Sin Error   OP272/12
1707  28052012  0   Sin Error   OP273/12
1708  28052012  0   Sin Error   OP274/12
1709  28052012  0   Sin Error   OP275/12
1710  28052012  0   Sin Error   OP276/12
1711  28052012  0   Sin Error   OP277/12
1712  28052012  -2028   No existen registros coincidentes ODBC -2028   OP278/12
1713  28052012  0   Sin Error   OP279/12
1714  28052012  0   Sin Error   OP280/12
1715  28052012  -2028   No existen registros coincidentes ODBC -2028   OP281/12
1716  28052012  0   Sin Error   OP282/12
1717  28052012  0   Sin Error   OP283/12
1718  28052012  0   Sin Error   OP284/12
1719  28052012  0   Sin Error   OP285/12
1720  28052012  0   Sin Error   OP286/12
1721  28052012  0   Sin Error   OP287/12
1722  28052012  0   Sin Error   OP288/12
1724  28052012  0   Sin Error   OP290/12
1725  28052012  0   Sin Error   OP291/12
1726  28052012  0   Sin Error   OP292/12
1727  28052012  0   Sin Error   OP293/12
1728  28052012  0   Sin Error   OP294/12
1729  28052012  0   Sin Error   OP295/12
1730  28052012  0   Sin Error   OP296/12
1731  28052012  -2028   No existen registros coincidentes ODBC -2028   OP297/12
1732  28052012  0   Sin Error   OP298/12
1733  28052012  -2028   No existen registros coincidentes ODBC -2028   OP299/12
1735  28052012  0   Sin Error   OP301/12
1739  28052012  0   Sin Error   OP305/12
1740  28052012  0   Sin Error   OP306/12
1741  28052012  -2028   No existen registros coincidentes ODBC -2028   OP307/12
1746  28052012  0   Sin Error   OP312/12
1749  28052012  0   Sin Error   OP315/12
1750  28052012  0   Sin Error   OP316/12
1751  28052012  0   Sin Error   OP317/12
1755  28052012  0   Sin Error   OP319/12
1756  28052012  0   Sin Error   OP320/12
1757  28052012  0   Sin Error   OP321/12
1758  28052012  -2028   No existen registros coincidentes ODBC -2028   OP322/12
1760  28052012  -2028   No existen registros coincidentes ODBC -2028   OP323/12
1762  28052012  0   Sin Error   OP325/12
1763  28052012  0   Sin Error   OP326/12
1764  28052012  -2028   No existen registros coincidentes ODBC -2028   OP327/12
1774  28052012  0   Sin Error   OP337/12
1775  28052012  0   Sin Error   OP338/12
1777  28052012  0   Sin Error   OP340/12
1779  28052012  0   Sin Error   OP342/12
1780  28052012  0   Sin Error   OP343/12
1781  28052012  0   Sin Error   OP344/12
1782  28052012  0   Sin Error   OP345/12
1783  28052012  -2028   No existen registros coincidentes ODBC -2028   OP346/12
1784  28052012  -2028   No existen registros coincidentes ODBC -2028   OP347/12
1785  28052012  0   Sin Error   OP348/12
1786  28052012  0   Sin Error   OP349/12
1787  28052012  0   Sin Error   OP350/12
1793  28052012  0   Sin Error   OP355/12
1795  28052012  0   Sin Error   OP357/12
1796  28052012  0   Sin Error   OP358/12
1797  28052012  0   Sin Error   OP359/12
1799  28052012  0   Sin Error   OP361/12
1800  28052012  0   Sin Error   OP362/12
1801  28052012  0   Sin Error   OP363/12
1802  28052012  0   Sin Error   OP364/12
1803  28052012  0   Sin Error   OP365/12
1810  28052012  0   Sin Error   OP369/12
1811  28052012  0   Sin Error   OP370/12
1812  28052012  0   Sin Error   OP371/12
1813  28052012  0   Sin Error   OP372/12
1814  28052012  0   Sin Error   OP373/12
1815  28052012  0   Sin Error   OP374/12
1816  28052012  0   Sin Error   OP375/12
1817  28052012  0   Sin Error   OP376/12
1818  28052012  0   Sin Error   OP377/12
1819  28052012  0   Sin Error   OP378/12
1822  28052012  0   Sin Error   OP381/12
1823  28052012  0   Sin Error   OP382/12
1829  28052012  0   Sin Error   OP388/12
1830  28052012  0   Sin Error   OP389/12
1834  28052012  0   Sin Error   OP393/12
1843  28052012  0   Sin Error   OP401/12
1845  28052012  -2028   No existen registros coincidentes ODBC -2028   OP403/12
1846  28052012  0   Sin Error   OP404/12
1847  28052012  0   Sin Error   OP405/12
1848  28052012  0   Sin Error   OP406/12
1852  28052012  0   Sin Error   OP410/12
1853  28052012  0   Sin Error   OP411/12
1854  28052012  0   Sin Error   OP412/12
1866  28052012  0   Sin Error   OP422/12
1867  28052012  0   Sin Error   OP423/12
1868  28052012  0   Sin Error   OP424/12
1869  28052012  0   Sin Error   OP425/12
1896  28052012  0   Sin Error   OP452/12
1897  28052012  0   Sin Error   OP453/12
1915  28052012  0   Sin Error   OP471/12
1916  28052012  -2028   No existen registros coincidentes ODBC -2028   OP472/12
1917  28052012  0   Sin Error   OP473/12
1918  28052012  0   Sin Error   OP474/12
1919  28052012  0   Sin Error   OP475/12
1928  28052012  0   Sin Error   OP484/12
1936  28052012  0   Sin Error   OP492/12
1939  28052012  -2028   No existen registros coincidentes ODBC -2028   OP495/12
1940  28052012  -2028   No existen registros coincidentes ODBC -2028   OP496/12
1942  28052012  0   Sin Error   OP498/12
1945  28052012  0   Sin Error   OP501/12
1950  28052012  0   Sin Error   OP506/12
1951  28052012  0   Sin Error   OP507/12
1952  28052012  0   Sin Error   OP508/12
1954  28052012  0   Sin Error   OP510/12
1955  28052012  0   Sin Error   OP511/12
1956  28052012  0   Sin Error   OP512/12
1957  28052012  0   Sin Error   OP513/12
1958  28052012  0   Sin Error   OP514/12
1959  28052012  0   Sin Error   OP515/12
1962  28052012  0   Sin Error   OP517/12
1963  28052012  0   Sin Error   OP518/12
1964  28052012  0   Sin Error   OP519/12
1965  28052012  0   Sin Error   OP520/12
1966  28052012  0   Sin Error   OP521/12
1967  28052012  0   Sin Error   OP522/12
1968  28052012  0   Sin Error   OP523/12
1969  28052012  0   Sin Error   OP524/12
1972  28052012  -2028   No existen registros coincidentes ODBC -2028   OP527/12
1973  28052012  -2028   No existen registros coincidentes ODBC -2028   OP528/12
1975  28052012  -2028   No existen registros coincidentes ODBC -2028   OP530/12
1976  28052012  -2028   No existen registros coincidentes ODBC -2028   OP531/12
1982  28052012  0   Sin Error   OP537/12
1983  28052012  0   Sin Error   OP538/12
1987  28052012  0   Sin Error   OP541/12
1988  28052012  0   Sin Error   OP542/12
1990  28052012  0   Sin Error   OP544/12
1991  28052012  0   Sin Error   OP545/12
1992  28052012  0   Sin Error   OP546/12
1993  28052012  0   Sin Error   OP547/12
1994  28052012  0   Sin Error   OP548/12
1995  28052012  0   Sin Error   OP549/12
1996  28052012  0   Sin Error   OP550/12
1997  28052012  0   Sin Error   OP551/12
1999  28052012  0   Sin Error   OP553/12
2000  28052012  0   Sin Error   OP554/12
2001  28052012  0   Sin Error   OP555/12
2003  28052012  0   Sin Error   OP557/12
2004  28052012  0   Sin Error   OP558/12
2005  28052012  0   Sin Error   OP559/12
2008  28052012  -2028   No existen registros coincidentes ODBC -2028   OP562/12
2009  28052012  0   Sin Error   OP563/12
2011  28052012  0   Sin Error   OP565/12
2013  28052012  0   Sin Error   OP567/12
2018  28052012  0   Sin Error   OP572/12
2019  28052012  0   Sin Error   OP573/12
2020  28052012  0   Sin Error   OP574/12
2021  28052012  0   Sin Error   OP575/12
2022  28052012  0   Sin Error   OP576/12
2023  28052012  0   Sin Error   OP577/12
2024  28052012  -2028   No existen registros coincidentes ODBC -2028   OP578/12
2025  28052012  0   Sin Error   OP579/12
2034  28052012  0   Sin Error   OP588/12
2035  28052012  0   Sin Error   OP589/12
2040  28052012  0   Sin Error   OP594/12
2041  28052012  0   Sin Error   OP595/12
2042  28052012  0   Sin Error   OP596/12
2043  28052012  0   Sin Error   OP597/12
2045  28052012  -2028   No existen registros coincidentes ODBC -2028   OP599/12
2048  28052012  0   Sin Error   OP602/12
2051  28052012  0   Sin Error   OP604/12
2052  28052012  0   Sin Error   OP605/12
2053  28052012  0   Sin Error   OP606/12
2054  28052012  0   Sin Error   OP607/12
2060  28052012  0   Sin Error   OP613/12
2061  28052012  0   Sin Error   OP614/12
2065  28052012  0   Sin Error   OP618/12
2067  28052012  0   Sin Error   OP620/12
2068  28052012  0   Sin Error   OP621/12
2069  28052012  0   Sin Error   OP622/12
2070  28052012  0   Sin Error   OP623/12
2071  28052012  0   Sin Error   OP624/12
2073  28052012  0   Sin Error   OP626/12
2074  28052012  0   Sin Error   OP627/12
2084  28052012  0   Sin Error   OP637/12
2085  28052012  0   Sin Error   OP638/12
2086  28052012  0   Sin Error   OP639/12
2088  28052012  0   Sin Error   OP641/12
2089  28052012  0   Sin Error   OP642/12
2090  28052012  0   Sin Error   OP643/12
2091  28052012  0   Sin Error   OP644/12
2093  28052012  0   Sin Error   OP646/12
2094  28052012  -2028   No existen registros coincidentes ODBC -2028   OP647/12
2095  28052012  0   Sin Error   OP648/12
2096  28052012  0   Sin Error   OP649/12
2097  28052012  0   Sin Error   OP650/12
2098  28052012  0   Sin Error   OP651/12
2099  28052012  0   Sin Error   OP652/12
2100  28052012  0   Sin Error   OP653/12
2101  28052012  0   Sin Error   OP654/12
2102  28052012  0   Sin Error   OP655/12
2103  28052012  0   Sin Error   OP656/12
2104  28052012  0   Sin Error   OP657/12
2105  28052012  0   Sin Error   OP658/12
2109  28052012  0   Sin Error   OP662/12
2110  28052012  0   Sin Error   OP663/12
2112  28052012  0   Sin Error   OP665/12
2113  28052012  0   Sin Error   OP666/12
2115  28052012  0   Sin Error   OP668/12
2116  28052012  0   Sin Error   OP669/12
2117  28052012  -2028   No existen registros coincidentes ODBC -2028   OP670/12
2118  28052012  0   Sin Error   OP671/12
2120  28052012  0   Sin Error   OP673/12
2121  28052012  0   Sin Error   OP674/12
2122  28052012  0   Sin Error   OP675/12
2123  28052012  0   Sin Error   OP676/12
2124  28052012  0   Sin Error   OP677/12
2125  28052012  0   Sin Error   OP678/12
2126  28052012  -2028   No existen registros coincidentes ODBC -2028   OP679/12
2127  28052012  -2028   No existen registros coincidentes ODBC -2028   OP680/12
2128  28052012  0   Sin Error   OP681/12
2129  28052012  0   Sin Error   OP682/12
2131  28052012  0   Sin Error   OP684/12
2132  28052012  0   Sin Error   OP685/12
2133  28052012  0   Sin Error   OP686/12
2134  28052012  0   Sin Error   OP687/12
2135  28052012  0   Sin Error   OP688/12
2139  28052012  0   Sin Error   OP692/12
2140  28052012  0   Sin Error   OP693/12
2149  28052012  0   Sin Error   OP702/12
2152  28052012  0   Sin Error   OP704/12
2157  28052012  0   Sin Error   OP709/12
2158  28052012  0   Sin Error   OP710/12
2159  28052012  0   Sin Error   OP711/12
2160  28052012  0   Sin Error   OP712/12
2161  28052012  0   Sin Error   OP713/12
2163  28052012  0   Sin Error   OP715/12
2166  28052012  0   Sin Error   OP718/12
2167  28052012  0   Sin Error   OP719/12
2172  28052012  0   Sin Error   OP724/12
2173  28052012  0   Sin Error   OP725/12
2174  28052012  -2028   No existen registros coincidentes ODBC -2028   OP726/12
2175  28052012  0   Sin Error   OP727/12
2176  28052012  0   Sin Error   OP728/12
2177  28052012  -2028   No existen registros coincidentes ODBC -2028   OP729/12
2178  28052012  0   Sin Error   OP730/12
2181  28052012  0   Sin Error   OP733/12
2182  28052012  0   Sin Error   OP734/12
2183  28052012  0   Sin Error   OP735/12
2187  28052012  0   Sin Error   OP739/12
2188  28052012  0   Sin Error   OP740/12
2189  28052012  0   Sin Error   OP741/12
2191  28052012  0   Sin Error   OP743/12
2202  28052012  0   Sin Error   OP754/12
2203  28052012  0   Sin Error   OP755/12
2204  28052012  0   Sin Error   OP756/12
2205  28052012  0   Sin Error   OP757/12
2206  28052012  0   Sin Error   OP758/12
2207  28052012  0   Sin Error   OP759/12
2208  28052012  0   Sin Error   OP760/12
2209  28052012  0   Sin Error   OP761/12
2210  28052012  0   Sin Error   OP762/12
2211  28052012  0   Sin Error   OP763/12
2212  28052012  0   Sin Error   OP764/12
2213  28052012  0   Sin Error   OP765/12
2216  28052012  0   Sin Error   OP768/12
2227  28052012  0   Sin Error   OP779/12
2229  28052012  0   Sin Error   OP781/12
2230  28052012  0   Sin Error   OP782/12
2232  28052012  0   Sin Error   OP784/12
2233  28052012  0   Sin Error   OP785/12
2234  28052012  0   Sin Error   OP786/12
2236  28052012  0   Sin Error   OP788/12
2237  28052012  0   Sin Error   OP789/12
2238  28052012  0   Sin Error   OP790/12
2247  28052012  0   Sin Error   OP799/12
2249  28052012  0   Sin Error   OP800/12
2250  28052012  0   Sin Error   OP801/12
2251  28052012  -2028   No existen registros coincidentes ODBC -2028   OP802/12
2252  28052012  0   Sin Error   OP803/12
2266  28052012  0   Sin Error   OP817/12
